[ 2025-03-29 04:22:12,066 ] 1025 httpx - INFO - HTTP Request: GET https://dagshub.com/api/v1/user "HTTP/1.1 200 OK"
[ 2025-03-29 04:22:12,074 ] 107 dagshub - INFO - Accessing as mohammedsaimquadri
[ 2025-03-29 04:22:12,482 ] 1025 httpx - INFO - HTTP Request: GET https://dagshub.com/api/v1/repos/mohammedsaimquadri/networksecurity "HTTP/1.1 200 OK"
[ 2025-03-29 04:22:12,893 ] 1025 httpx - INFO - HTTP Request: GET https://dagshub.com/api/v1/user "HTTP/1.1 200 OK"
[ 2025-03-29 04:22:12,898 ] 107 dagshub - INFO - Initialized MLflow to track repo "mohammedsaimquadri/networksecurity"
[ 2025-03-29 04:22:12,899 ] 107 dagshub - INFO - Repository mohammedsaimquadri/networksecurity initialized!
[ 2025-03-29 04:23:25,475 ] 78 root - INFO - Starting Training pipeline.
[ 2025-03-29 04:23:25,475 ] 35 root - INFO - Start data ingestion.
[ 2025-03-29 04:23:41,243 ] 65 root - INFO - performed train test split on the dataframe
[ 2025-03-29 04:23:41,243 ] 66 root - INFO - Exited split_train_test method of Data Ingestion class
[ 2025-03-29 04:23:41,243 ] 70 root - INFO - Exporting train and test file path.
[ 2025-03-29 04:23:41,334 ] 75 root - INFO - Exported train and test file path.
[ 2025-03-29 04:23:41,334 ] 38 root - INFO - Data ingestion completed and artifact: DataIngestionArtifact(trained_file_path='artifacts\\03_29_2025_04_22_01\\data_ingestion\\ingested\\train.csv', test_file_path='artifacts\\03_29_2025_04_22_01\\data_ingestion\\ingested\\test.csv') created
[ 2025-03-29 04:23:41,345 ] 47 root - INFO - Initiate the data validation
[ 2025-03-29 04:23:41,411 ] 34 root - INFO - Required number of columns:2
[ 2025-03-29 04:23:41,411 ] 35 root - INFO - Dataframe has columns=31
[ 2025-03-29 04:23:41,411 ] 34 root - INFO - Required number of columns:2
[ 2025-03-29 04:23:41,411 ] 35 root - INFO - Dataframe has columns=31
[ 2025-03-29 04:23:41,658 ] 49 root - INFO - Data Validation complete and artifact: DataValidationArtifact(validation_status=None, valid_train_file_path='artifacts\\03_29_2025_04_22_01\\data_ingestion\\ingested\\train.csv', valid_test_file_path='artifacts\\03_29_2025_04_22_01\\data_ingestion\\ingested\\test.csv', invalid_train_file_path=None, invalid_test_file_path=None, drift_report_file_path='artifacts\\03_29_2025_04_22_01\\data_validation\\drift_report\\report.yaml') created
[ 2025-03-29 04:23:41,658 ] 58 root - INFO - Initiate data transformation
[ 2025-03-29 04:23:41,659 ] 57 root - INFO - Entered initiate data transformation method of DataTransformation class
[ 2025-03-29 04:23:41,659 ] 59 root - INFO - starting data transformation
