[ 2025-03-27 03:52:25,334 ] 1025 httpx - INFO - HTTP Request: GET https://dagshub.com/api/v1/user "HTTP/1.1 200 OK"
[ 2025-03-27 03:52:25,347 ] 107 dagshub - INFO - Accessing as mohammedsaimquadri
[ 2025-03-27 03:52:25,732 ] 1025 httpx - INFO - HTTP Request: GET https://dagshub.com/api/v1/repos/mohammedsaimquadri/networksecurity "HTTP/1.1 200 OK"
[ 2025-03-27 03:52:26,076 ] 1025 httpx - INFO - HTTP Request: GET https://dagshub.com/api/v1/user "HTTP/1.1 200 OK"
[ 2025-03-27 03:52:26,081 ] 107 dagshub - INFO - Initialized MLflow to track repo "mohammedsaimquadri/networksecurity"
[ 2025-03-27 03:52:26,083 ] 107 dagshub - INFO - Repository mohammedsaimquadri/networksecurity initialized!
[ 2025-03-27 03:52:26,084 ] 20 root - INFO - Initiate the data ingestion
[ 2025-03-27 03:52:30,665 ] 65 root - INFO - performed train test split on the dataframe
[ 2025-03-27 03:52:30,665 ] 66 root - INFO - Exited split_train_test method of Data Ingestion class
[ 2025-03-27 03:52:30,665 ] 70 root - INFO - Exporting train and test file path.
[ 2025-03-27 03:52:30,771 ] 75 root - INFO - Exported train and test file path.
[ 2025-03-27 03:52:30,772 ] 22 root - INFO - Data Initiation Completed
[ 2025-03-27 03:52:30,785 ] 28 root - INFO - Initiate the data validation
[ 2025-03-27 03:52:30,883 ] 34 root - INFO - Required number of columns:2
[ 2025-03-27 03:52:30,883 ] 35 root - INFO - Dataframe has columns=31
[ 2025-03-27 03:52:30,884 ] 34 root - INFO - Required number of columns:2
[ 2025-03-27 03:52:30,884 ] 35 root - INFO - Dataframe has columns=31
[ 2025-03-27 03:52:31,139 ] 30 root - INFO - Data Validation complete
[ 2025-03-27 03:52:31,140 ] 36 root - INFO - Initiate data transformation
[ 2025-03-27 03:52:31,140 ] 57 root - INFO - Entered initiate data transformation method of DataTransformation class
[ 2025-03-27 03:52:31,140 ] 59 root - INFO - starting data transformation
[ 2025-03-27 03:52:31,194 ] 44 root - INFO - Entered get transformer method of the DataTransformation class
[ 2025-03-27 03:52:31,194 ] 47 root - INFO - Initialized KNNImputer with {'missing_values': nan, 'n_neighbors': 3, 'weights': 'uniform'}
[ 2025-03-27 03:52:31,218 ] 60 root - INFO - Entered the save_object method of mainutils class
[ 2025-03-27 03:52:31,225 ] 64 root - INFO - Exited the save_object method of mainutils class
[ 2025-03-27 03:52:31,225 ] 60 root - INFO - Entered the save_object method of mainutils class
[ 2025-03-27 03:52:31,230 ] 64 root - INFO - Exited the save_object method of mainutils class
[ 2025-03-27 03:52:31,232 ] 38 root - INFO - Data Transformation complete
[ 2025-03-27 03:52:31,234 ] 42 root - INFO - Model training started.
[ 2025-03-27 03:58:15,318 ] 60 root - INFO - Entered the save_object method of mainutils class
[ 2025-03-27 03:58:15,391 ] 64 root - INFO - Exited the save_object method of mainutils class
[ 2025-03-27 03:58:15,391 ] 60 root - INFO - Entered the save_object method of mainutils class
[ 2025-03-27 03:58:15,459 ] 64 root - INFO - Exited the save_object method of mainutils class
[ 2025-03-27 03:58:15,459 ] 137 root - INFO - Model trainer artifact: ModelTrainerArtifact(trained_model_file_path='artifacts\\03_27_2025_03_52_18\\model_trainer\\trained_model\\model.pkl', train_metric_artifact=ClassificationMetricArtifact(f1_score=0.9906655844155844, precision_score=0.9878591663294213, recall_score=0.9934879934879934), test_metric_artifact=ClassificationMetricArtifact(f1_score=0.9804234918098282, precision_score=0.9738095238095238, recall_score=0.9871279163314561))
[ 2025-03-27 03:58:15,459 ] 46 root - INFO - Model training completed
